<?xml version="1.0" encoding="UTF-8"?>
<!-- Generated by org.testng.reporters.JUnitReportReporter -->
<testsuite hostname="skacperski" name="tests.CERP005_Answer" tests="1" failures="0" timestamp="14 Aug 2014 12:00:19 GMT" time="405.618" errors="0">
  <testcase name="TestMethod" time="405.618" classname="tests.CERP005_Answer"/>
</testsuite> <!-- tests.CERP005_Answer -->
